medialibrary/build/outputs/logs/manifest-merger-debug-report.txt
-- Merging decision tree log ---
manifest
ADDED from vlc-android/medialibrary/AndroidManifest.xml:2:1-9:12
INJECTED from vlc-android/medialibrary/AndroidManifest.xml:2:1-9:12
INJECTED from vlc-android/medialibrary/AndroidManifest.xml:2:1-9:12
	package
		ADDED from vlc-android/medialibrary/AndroidManifest.xml:3:5-40
		INJECTED from vlc-android/medialibrary/AndroidManifest.xml
		INJECTED from vlc-android/medialibrary/AndroidManifest.xml
	xmlns:android
		ADDED from vlc-android/medialibrary/AndroidManifest.xml:2:11-69
uses-sdk
ADDED from vlc-android/medialibrary/AndroidManifest.xml:5:5-44
	android:minSdkVersion
		ADDED from vlc-android/medialibrary/AndroidManifest.xml:5:15-41
application
ADDED from vlc-android/medialibrary/AndroidManifest.xml:7:5-19